<?xml version="1.0" encoding="UTF-8"?>
<testng-results ignored="0" total="1" passed="1" failed="0" skipped="0">
  <reporter-output>
  </reporter-output>
  <suite started-at="2026-02-02T21:33:52 IST" name="Surefire suite" finished-at="2026-02-02T21:35:06 IST" duration-ms="74562">
    <groups>
    </groups>
    <test started-at="2026-02-02T21:33:52 IST" name="Surefire test" finished-at="2026-02-02T21:35:06 IST" duration-ms="74562">
      <class name="org.project.TestNG.TestNg">
        <test-method is-config="true" signature="before()[pri:0, instance:org.project.TestNG.TestNg@3cc2931c]" started-at="2026-02-02T21:33:52 IST" name="before" finished-at="2026-02-02T21:33:53 IST" duration-ms="1658" status="PASS">
          <reporter-output>
          </reporter-output>
        </test-method> <!-- before -->
        <test-method signature="Test1(java.lang.String)[pri:0, instance:org.project.TestNG.TestNg@3cc2931c]" started-at="2026-02-02T21:33:53 IST" name="Test1" finished-at="2026-02-02T21:35:06 IST" duration-ms="72859" status="PASS">
          <params>
            <param index="0">
              <value>
                <![CDATA[Singapore]]>
              </value>
            </param>
          </params>
          <reporter-output>
          </reporter-output>
        </test-method> <!-- Test1 -->
        <test-method is-config="true" signature="after()[pri:0, instance:org.project.TestNG.TestNg@3cc2931c]" started-at="2026-02-02T21:35:06 IST" name="after" finished-at="2026-02-02T21:35:06 IST" duration-ms="0" status="PASS">
          <reporter-output>
          </reporter-output>
        </test-method> <!-- after -->
      </class> <!-- org.project.TestNG.TestNg -->
    </test> <!-- Surefire test -->
  </suite> <!-- Surefire suite -->
</testng-results>
