<?xml version="1.0" encoding="UTF-8"?>
<testng-results ignored="0" total="1" passed="1" failed="0" skipped="0">
  <reporter-output>
  </reporter-output>
  <suite started-at="2026-02-02T21:46:00 IST" name="Suite" finished-at="2026-02-02T21:48:32 IST" duration-ms="151822">
    <groups>
    </groups>
    <test started-at="2026-02-02T21:46:00 IST" name="Test" finished-at="2026-02-02T21:48:32 IST" duration-ms="151822">
      <class name="org.project.TestNG.TestNg">
        <test-method is-config="true" signature="before()[pri:0, instance:org.project.TestNG.TestNg@10683d9d]" started-at="2026-02-02T21:46:00 IST" name="before" finished-at="2026-02-02T21:46:01 IST" duration-ms="1556" status="PASS">
          <reporter-output>
          </reporter-output>
        </test-method> <!-- before -->
        <test-method signature="Test1(java.lang.String)[pri:0, instance:org.project.TestNG.TestNg@10683d9d]" started-at="2026-02-02T21:46:01 IST" name="Test1" finished-at="2026-02-02T21:48:32 IST" duration-ms="150218" status="PASS">
          <params>
            <param index="0">
              <value>
                <![CDATA[Singapore]]>
              </value>
            </param>
          </params>
          <reporter-output>
          </reporter-output>
        </test-method> <!-- Test1 -->
        <test-method is-config="true" signature="after()[pri:0, instance:org.project.TestNG.TestNg@10683d9d]" started-at="2026-02-02T21:48:32 IST" name="after" finished-at="2026-02-02T21:48:32 IST" duration-ms="0" status="PASS">
          <reporter-output>
          </reporter-output>
        </test-method> <!-- after -->
      </class> <!-- org.project.TestNG.TestNg -->
    </test> <!-- Test -->
  </suite> <!-- Suite -->
</testng-results>
